<?xml version="1.0" encoding="utf-8"?><testsuites name="pytest tests"><testsuite name="pytest" errors="0" failures="0" skipped="0" tests="0" time="0.017" timestamp="2025-09-05T02:35:52.193112+00:00" hostname="pkrvm7jw40e0xgp" /></testsuites>